InnoDB: The first specified data file .\ibdata1 did not exist:
InnoDB: a new database to be created!
190530  6:56:15  InnoDB: Setting file .\ibdata1 size to 10 MB
InnoDB: Database physically writes the file full: wait...
190530  6:56:15  InnoDB: Log file .\ib_logfile0 did not exist: new to be created
InnoDB: Setting log file .\ib_logfile0 size to 24 MB
InnoDB: Database physically writes the file full: wait...
190530  6:56:16  InnoDB: Log file .\ib_logfile1 did not exist: new to be created
InnoDB: Setting log file .\ib_logfile1 size to 24 MB
InnoDB: Database physically writes the file full: wait...
InnoDB: Doublewrite buffer not found: creating new
InnoDB: Doublewrite buffer created
InnoDB: Creating foreign key constraint system tables
InnoDB: Foreign key constraint system tables created
190530  6:56:16  InnoDB: Started; log sequence number 0 0
190530  6:56:16 [Note] C:\Program Files (x86)\MySQL\MySQL Server 5.0\bin\mysqld-nt: ready for connections.
Version: '5.0.45-community-nt'  socket: ''  port: 3306  MySQL Community Edition (GPL)
190530  7:00:09 [Note] C:\Program Files (x86)\MySQL\MySQL Server 5.0\bin\mysqld-nt: Normal shutdown

190530  7:00:09  InnoDB: Starting shutdown...
190530  7:00:12  InnoDB: Shutdown completed; log sequence number 0 43655
190530  7:00:12 [Note] C:\Program Files (x86)\MySQL\MySQL Server 5.0\bin\mysqld-nt: Shutdown complete

190530  7:00:46  InnoDB: Started; log sequence number 0 43655
190530  7:00:46 [Note] C:\Program Files (x86)\MySQL\MySQL Server 5.0\bin\mysqld-nt: ready for connections.
Version: '5.0.45-community-nt'  socket: ''  port: 3306  MySQL Community Edition (GPL)
190530  7:04:34 [Note] C:\Program Files (x86)\MySQL\MySQL Server 5.0\bin\mysqld-nt: Normal shutdown

190530  7:04:34  InnoDB: Starting shutdown...
190530  7:04:36  InnoDB: Shutdown completed; log sequence number 0 43655
190530  7:04:36 [Note] C:\Program Files (x86)\MySQL\MySQL Server 5.0\bin\mysqld-nt: Shutdown complete

190530  7:04:55  InnoDB: Started; log sequence number 0 43655
190530  7:04:55 [Note] C:\Program Files (x86)\MySQL\MySQL Server 5.0\bin\mysqld-nt: ready for connections.
Version: '5.0.45-community-nt'  socket: ''  port: 3306  MySQL Community Edition (GPL)
190530  7:12:02 [Note] C:\Program Files (x86)\MySQL\MySQL Server 5.0\bin\mysqld-nt: Normal shutdown

190530  7:12:02  InnoDB: Starting shutdown...
190530  7:12:03  InnoDB: Shutdown completed; log sequence number 0 43655
190530  7:12:03 [Note] C:\Program Files (x86)\MySQL\MySQL Server 5.0\bin\mysqld-nt: Shutdown complete

190530  7:12:04  InnoDB: Started; log sequence number 0 43655
190530  7:12:05 [Note] C:\Program Files (x86)\MySQL\MySQL Server 5.0\bin\mysqld-nt: ready for connections.
Version: '5.0.45-community-nt'  socket: ''  port: 3306  MySQL Community Edition (GPL)
190530  7:14:30 [Note] C:\Program Files (x86)\MySQL\MySQL Server 5.0\bin\mysqld-nt: Normal shutdown

190530  7:14:30  InnoDB: Starting shutdown...
190530  7:14:33  InnoDB: Shutdown completed; log sequence number 0 43655
190530  7:14:33 [Note] C:\Program Files (x86)\MySQL\MySQL Server 5.0\bin\mysqld-nt: Shutdown complete

190530  7:14:34  InnoDB: Started; log sequence number 0 43655
190530  7:14:34 [Note] C:\Program Files (x86)\MySQL\MySQL Server 5.0\bin\mysqld-nt: ready for connections.
Version: '5.0.45-community-nt'  socket: ''  port: 3306  MySQL Community Edition (GPL)
190530 11:45:50  InnoDB: Database was not shut down normally!
InnoDB: Starting crash recovery.
InnoDB: Reading tablespace information from the .ibd files...
InnoDB: Restoring possible half-written data pages from the doublewrite
InnoDB: buffer...
190530 11:45:50  InnoDB: Starting log scan based on checkpoint at
InnoDB: log sequence number 0 46343.
InnoDB: Doing recovery: scanned up to log sequence number 0 46343
190530 11:45:50  InnoDB: Started; log sequence number 0 46343
190530 11:45:50 [Note] C:\Program Files (x86)\MySQL\MySQL Server 5.0\bin\mysqld-nt: ready for connections.
Version: '5.0.45-community-nt'  socket: ''  port: 3306  MySQL Community Edition (GPL)
190530 17:59:50 [Note] C:\Program Files (x86)\MySQL\MySQL Server 5.0\bin\mysqld-nt: Normal shutdown

190530 17:59:50  InnoDB: Starting shutdown...
190530 17:59:53  InnoDB: Shutdown completed; log sequence number 0 58600
190530 17:59:53 [Note] C:\Program Files (x86)\MySQL\MySQL Server 5.0\bin\mysqld-nt: Shutdown complete

190530 18:00:14  InnoDB: Started; log sequence number 0 58600
190530 18:00:14 [Note] C:\Program Files (x86)\MySQL\MySQL Server 5.0\bin\mysqld-nt: ready for connections.
Version: '5.0.45-community-nt'  socket: ''  port: 3306  MySQL Community Edition (GPL)
190530 19:24:48  InnoDB: Started; log sequence number 0 58600
190530 19:24:48 [Note] C:\Program Files (x86)\MySQL\MySQL Server 5.0\bin\mysqld-nt: ready for connections.
Version: '5.0.45-community-nt'  socket: ''  port: 3306  MySQL Community Edition (GPL)
190530 19:29:51 [Note] C:\Program Files (x86)\MySQL\MySQL Server 5.0\bin\mysqld-nt: Normal shutdown

190530 19:29:51  InnoDB: Starting shutdown...
190530 19:29:52  InnoDB: Shutdown completed; log sequence number 0 58600
190530 19:29:52 [Note] C:\Program Files (x86)\MySQL\MySQL Server 5.0\bin\mysqld-nt: Shutdown complete

190530 19:30:12  InnoDB: Started; log sequence number 0 58600
190530 19:30:12 [Note] C:\Program Files (x86)\MySQL\MySQL Server 5.0\bin\mysqld-nt: ready for connections.
Version: '5.0.45-community-nt'  socket: ''  port: 3306  MySQL Community Edition (GPL)
190530 19:30:26 [Note] C:\Program Files (x86)\MySQL\MySQL Server 5.0\bin\mysqld-nt: Normal shutdown

190530 19:30:26  InnoDB: Starting shutdown...
190530 19:30:28  InnoDB: Shutdown completed; log sequence number 0 58600
190530 19:30:28 [Note] C:\Program Files (x86)\MySQL\MySQL Server 5.0\bin\mysqld-nt: Shutdown complete

190530 19:30:50  InnoDB: Started; log sequence number 0 58600
190530 19:30:50 [Note] C:\Program Files (x86)\MySQL\MySQL Server 5.0\bin\mysqld-nt: ready for connections.
Version: '5.0.45-community-nt'  socket: ''  port: 3306  MySQL Community Edition (GPL)
190530 19:33:40 [Note] C:\Program Files (x86)\MySQL\MySQL Server 5.0\bin\mysqld-nt: Normal shutdown

190530 19:33:40  InnoDB: Starting shutdown...
190530 19:33:42  InnoDB: Shutdown completed; log sequence number 0 58600
190530 19:33:42 [Note] C:\Program Files (x86)\MySQL\MySQL Server 5.0\bin\mysqld-nt: Shutdown complete

190530 19:34:03  InnoDB: Started; log sequence number 0 58600
190530 19:34:04 [Note] C:\Program Files (x86)\MySQL\MySQL Server 5.0\bin\mysqld-nt: ready for connections.
Version: '5.0.45-community-nt'  socket: ''  port: 3306  MySQL Community Edition (GPL)
190530 19:34:08 [Note] C:\Program Files (x86)\MySQL\MySQL Server 5.0\bin\mysqld-nt: Normal shutdown

190530 19:34:08  InnoDB: Starting shutdown...
190530 19:34:12  InnoDB: Shutdown completed; log sequence number 0 58600
190530 19:34:12 [Note] C:\Program Files (x86)\MySQL\MySQL Server 5.0\bin\mysqld-nt: Shutdown complete

190530 19:34:31  InnoDB: Started; log sequence number 0 58600
190530 19:34:31 [Note] C:\Program Files (x86)\MySQL\MySQL Server 5.0\bin\mysqld-nt: ready for connections.
Version: '5.0.45-community-nt'  socket: ''  port: 3306  MySQL Community Edition (GPL)
190530 20:19:01  InnoDB: Started; log sequence number 0 58600
190530 20:19:01 [Note] C:\Program Files (x86)\MySQL\MySQL Server 5.0\bin\mysqld-nt: ready for connections.
Version: '5.0.45-community-nt'  socket: ''  port: 3306  MySQL Community Edition (GPL)
190531 16:21:32 [Note] C:\Program Files (x86)\MySQL\MySQL Server 5.0\bin\mysqld-nt: Normal shutdown

190531 16:21:32  InnoDB: Starting shutdown...
190531 16:21:34  InnoDB: Shutdown completed; log sequence number 0 58610
190531 16:21:34 [Note] C:\Program Files (x86)\MySQL\MySQL Server 5.0\bin\mysqld-nt: Shutdown complete

190531 16:21:54  InnoDB: Started; log sequence number 0 58610
190531 16:21:54 [Note] C:\Program Files (x86)\MySQL\MySQL Server 5.0\bin\mysqld-nt: ready for connections.
Version: '5.0.45-community-nt'  socket: ''  port: 3306  MySQL Community Edition (GPL)
190531 18:52:40 [Note] C:\Program Files (x86)\MySQL\MySQL Server 5.0\bin\mysqld-nt: Normal shutdown

190531 18:52:40  InnoDB: Starting shutdown...
190531 18:52:43  InnoDB: Shutdown completed; log sequence number 0 58610
190531 18:52:43 [Note] C:\Program Files (x86)\MySQL\MySQL Server 5.0\bin\mysqld-nt: Shutdown complete

190531 18:53:01  InnoDB: Started; log sequence number 0 58610
190531 18:53:01 [Note] C:\Program Files (x86)\MySQL\MySQL Server 5.0\bin\mysqld-nt: ready for connections.
Version: '5.0.45-community-nt'  socket: ''  port: 3306  MySQL Community Edition (GPL)
190601  6:12:58  InnoDB: Started; log sequence number 0 58610
190601  6:12:59 [Note] C:\Program Files (x86)\MySQL\MySQL Server 5.0\bin\mysqld-nt: ready for connections.
Version: '5.0.45-community-nt'  socket: ''  port: 3306  MySQL Community Edition (GPL)
190603 16:29:21 [Note] C:\Program Files (x86)\MySQL\MySQL Server 5.0\bin\mysqld-nt: Normal shutdown

190603 16:29:21  InnoDB: Starting shutdown...
190603 16:29:22  InnoDB: Shutdown completed; log sequence number 0 58620
190603 16:29:22 [Note] C:\Program Files (x86)\MySQL\MySQL Server 5.0\bin\mysqld-nt: Shutdown complete

190603 16:29:45  InnoDB: Started; log sequence number 0 58620
190603 16:29:45 [Note] C:\Program Files (x86)\MySQL\MySQL Server 5.0\bin\mysqld-nt: ready for connections.
Version: '5.0.45-community-nt'  socket: ''  port: 3306  MySQL Community Edition (GPL)
190603 19:22:45  InnoDB: Started; log sequence number 0 58620
190603 19:22:46 [Note] C:\Program Files (x86)\MySQL\MySQL Server 5.0\bin\mysqld-nt: ready for connections.
Version: '5.0.45-community-nt'  socket: ''  port: 3306  MySQL Community Edition (GPL)
190604 12:23:41 [Note] C:\Program Files (x86)\MySQL\MySQL Server 5.0\bin\mysqld-nt: Normal shutdown

190604 12:23:41  InnoDB: Starting shutdown...
190604 12:23:43  InnoDB: Shutdown completed; log sequence number 0 58620
190604 12:23:43 [Note] C:\Program Files (x86)\MySQL\MySQL Server 5.0\bin\mysqld-nt: Shutdown complete

190604 12:24:23  InnoDB: Started; log sequence number 0 58620
190604 12:24:23 [Note] C:\Program Files (x86)\MySQL\MySQL Server 5.0\bin\mysqld-nt: ready for connections.
Version: '5.0.45-community-nt'  socket: ''  port: 3306  MySQL Community Edition (GPL)
190604 12:59:37 [Note] C:\Program Files (x86)\MySQL\MySQL Server 5.0\bin\mysqld-nt: Normal shutdown

190604 12:59:37  InnoDB: Starting shutdown...
190604 12:59:39  InnoDB: Shutdown completed; log sequence number 0 58620
190604 12:59:39 [Note] C:\Program Files (x86)\MySQL\MySQL Server 5.0\bin\mysqld-nt: Shutdown complete

190604 13:02:24  InnoDB: Started; log sequence number 0 58620
190604 13:02:24 [Note] C:\Program Files (x86)\MySQL\MySQL Server 5.0\bin\mysqld-nt: ready for connections.
Version: '5.0.45-community-nt'  socket: ''  port: 3306  MySQL Community Edition (GPL)
190604 13:23:08 [Note] C:\Program Files (x86)\MySQL\MySQL Server 5.0\bin\mysqld-nt: Normal shutdown

190604 13:23:08  InnoDB: Starting shutdown...
190604 13:23:10  InnoDB: Shutdown completed; log sequence number 0 58630
190604 13:23:10 [Note] C:\Program Files (x86)\MySQL\MySQL Server 5.0\bin\mysqld-nt: Shutdown complete

190604 13:23:12  InnoDB: Started; log sequence number 0 58630
190604 13:23:13 [Note] C:\Program Files (x86)\MySQL\MySQL Server 5.0\bin\mysqld-nt: ready for connections.
Version: '5.0.45-community-nt'  socket: ''  port: 3306  MySQL Community Edition (GPL)
190604 13:24:33 [Note] C:\Program Files (x86)\MySQL\MySQL Server 5.0\bin\mysqld-nt: Normal shutdown

190604 13:24:33  InnoDB: Starting shutdown...
190604 13:24:35  InnoDB: Shutdown completed; log sequence number 0 58630
190604 13:24:35 [Note] C:\Program Files (x86)\MySQL\MySQL Server 5.0\bin\mysqld-nt: Shutdown complete

190604 13:28:52  InnoDB: Started; log sequence number 0 58630
190604 13:28:52 [Note] C:\Program Files (x86)\MySQL\MySQL Server 5.0\bin\mysqld-nt: ready for connections.
Version: '5.0.45-community-nt'  socket: ''  port: 3306  MySQL Community Edition (GPL)
190604 13:32:27 [Note] C:\Program Files (x86)\MySQL\MySQL Server 5.0\bin\mysqld-nt: Normal shutdown

190604 13:32:27  InnoDB: Starting shutdown...
190604 13:32:29  InnoDB: Shutdown completed; log sequence number 0 58630
190604 13:32:29 [Note] C:\Program Files (x86)\MySQL\MySQL Server 5.0\bin\mysqld-nt: Shutdown complete

190604 13:32:30  InnoDB: Started; log sequence number 0 58630
190604 13:32:30 [Note] C:\Program Files (x86)\MySQL\MySQL Server 5.0\bin\mysqld-nt: ready for connections.
Version: '5.0.45-community-nt'  socket: ''  port: 3307  MySQL Community Edition (GPL)
190604 13:33:19 [Note] C:\Program Files (x86)\MySQL\MySQL Server 5.0\bin\mysqld-nt: Normal shutdown

190604 13:33:19  InnoDB: Starting shutdown...
190604 13:33:20  InnoDB: Shutdown completed; log sequence number 0 58630
190604 13:33:20 [Note] C:\Program Files (x86)\MySQL\MySQL Server 5.0\bin\mysqld-nt: Shutdown complete

190604 13:36:28  InnoDB: Started; log sequence number 0 58630
190604 13:36:29 [Note] C:\Program Files (x86)\MySQL\MySQL Server 5.0\bin\mysqld-nt: ready for connections.
Version: '5.0.45-community-nt'  socket: ''  port: 3307  MySQL Community Edition (GPL)
190604 13:40:42 [Note] C:\Program Files (x86)\MySQL\MySQL Server 5.0\bin\mysqld-nt: Normal shutdown

190604 13:40:42  InnoDB: Starting shutdown...
190604 13:40:44  InnoDB: Shutdown completed; log sequence number 0 58630
190604 13:40:44 [Note] C:\Program Files (x86)\MySQL\MySQL Server 5.0\bin\mysqld-nt: Shutdown complete

190604 13:43:08  InnoDB: Started; log sequence number 0 58630
190604 13:43:09 [Note] C:\Program Files (x86)\MySQL\MySQL Server 5.0\bin\mysqld-nt: ready for connections.
Version: '5.0.45-community-nt'  socket: ''  port: 3307  MySQL Community Edition (GPL)
190604 13:47:09 [Note] C:\Program Files (x86)\MySQL\MySQL Server 5.0\bin\mysqld-nt: Normal shutdown

190604 13:47:09  InnoDB: Starting shutdown...
190604 13:47:12  InnoDB: Shutdown completed; log sequence number 0 58630
190604 13:47:12 [Note] C:\Program Files (x86)\MySQL\MySQL Server 5.0\bin\mysqld-nt: Shutdown complete

190604 13:47:13  InnoDB: Started; log sequence number 0 58630
190604 13:47:13 [Note] C:\Program Files (x86)\MySQL\MySQL Server 5.0\bin\mysqld-nt: ready for connections.
Version: '5.0.45-community-nt'  socket: ''  port: 3308  MySQL Community Edition (GPL)
190604 13:47:36 [Note] C:\Program Files (x86)\MySQL\MySQL Server 5.0\bin\mysqld-nt: Normal shutdown

190604 13:47:36  InnoDB: Starting shutdown...
190604 13:47:39  InnoDB: Shutdown completed; log sequence number 0 58630
190604 13:47:39 [Note] C:\Program Files (x86)\MySQL\MySQL Server 5.0\bin\mysqld-nt: Shutdown complete

190604 13:47:42  InnoDB: Started; log sequence number 0 58630
190604 13:47:42 [Note] C:\Program Files (x86)\MySQL\MySQL Server 5.0\bin\mysqld-nt: ready for connections.
Version: '5.0.45-community-nt'  socket: ''  port: 3308  MySQL Community Edition (GPL)
190604 16:40:44  InnoDB: Started; log sequence number 0 58630
190604 16:40:44 [Note] C:\Program Files (x86)\MySQL\MySQL Server 5.0\bin\mysqld-nt: ready for connections.
Version: '5.0.45-community-nt'  socket: ''  port: 3308  MySQL Community Edition (GPL)
190604 20:17:47  InnoDB: Started; log sequence number 0 58630
190604 20:17:47 [Note] C:\Program Files (x86)\MySQL\MySQL Server 5.0\bin\mysqld-nt: ready for connections.
Version: '5.0.45-community-nt'  socket: ''  port: 3308  MySQL Community Edition (GPL)
190604 20:32:40  InnoDB: Started; log sequence number 0 58630
190604 20:32:40 [Note] C:\Program Files (x86)\MySQL\MySQL Server 5.0\bin\mysqld-nt: ready for connections.
Version: '5.0.45-community-nt'  socket: ''  port: 3308  MySQL Community Edition (GPL)
190604 20:39:18 [Note] C:\Program Files (x86)\MySQL\MySQL Server 5.0\bin\mysqld-nt: Normal shutdown

190604 20:39:18  InnoDB: Starting shutdown...
190604 20:39:20  InnoDB: Shutdown completed; log sequence number 0 58630
190604 20:39:20 [Note] C:\Program Files (x86)\MySQL\MySQL Server 5.0\bin\mysqld-nt: Shutdown complete

190604 20:43:12  InnoDB: Started; log sequence number 0 58630
190604 20:43:12 [Note] C:\Program Files (x86)\MySQL\MySQL Server 5.0\bin\mysqld-nt: ready for connections.
Version: '5.0.45-community-nt'  socket: ''  port: 3308  MySQL Community Edition (GPL)
190604 20:54:15  InnoDB: Started; log sequence number 0 58630
190604 20:54:15 [Note] C:\Program Files (x86)\MySQL\MySQL Server 5.0\bin\mysqld-nt: ready for connections.
Version: '5.0.45-community-nt'  socket: ''  port: 3308  MySQL Community Edition (GPL)
190605  5:50:15 [Note] C:\Program Files (x86)\MySQL\MySQL Server 5.0\bin\mysqld-nt: Normal shutdown

190605  5:50:15  InnoDB: Starting shutdown...
190605  5:50:16  InnoDB: Shutdown completed; log sequence number 0 58630
190605  5:50:16 [Note] C:\Program Files (x86)\MySQL\MySQL Server 5.0\bin\mysqld-nt: Shutdown complete

190605  6:41:43  InnoDB: Started; log sequence number 0 58630
190605  6:41:44 [Note] C:\Program Files (x86)\MySQL\MySQL Server 5.0\bin\mysqld-nt: ready for connections.
Version: '5.0.45-community-nt'  socket: ''  port: 3308  MySQL Community Edition (GPL)
190605  6:43:32 [Note] C:\Program Files (x86)\MySQL\MySQL Server 5.0\bin\mysqld-nt: Normal shutdown

190605  6:43:32  InnoDB: Starting shutdown...
190605  6:43:34  InnoDB: Shutdown completed; log sequence number 0 58630
190605  6:43:34 [Note] C:\Program Files (x86)\MySQL\MySQL Server 5.0\bin\mysqld-nt: Shutdown complete

190605  6:43:34  InnoDB: Started; log sequence number 0 58630
190605  6:43:34 [Note] C:\Program Files (x86)\MySQL\MySQL Server 5.0\bin\mysqld-nt: ready for connections.
Version: '5.0.45-community-nt'  socket: ''  port: 3306  MySQL Community Edition (GPL)
190605  6:49:48 [Note] C:\Program Files (x86)\MySQL\MySQL Server 5.0\bin\mysqld-nt: Normal shutdown

190605  6:49:48  InnoDB: Starting shutdown...
190605  6:49:49  InnoDB: Shutdown completed; log sequence number 0 58630
190605  6:49:49 [Note] C:\Program Files (x86)\MySQL\MySQL Server 5.0\bin\mysqld-nt: Shutdown complete

190605  7:15:11  InnoDB: Started; log sequence number 0 58630
190605  7:15:11 [Note] C:\Program Files (x86)\MySQL\MySQL Server 5.0\bin\mysqld-nt: ready for connections.
Version: '5.0.45-community-nt'  socket: ''  port: 3306  MySQL Community Edition (GPL)
190605  7:53:40  InnoDB: Started; log sequence number 0 58630
190605  7:53:40 [Note] C:\Program Files (x86)\MySQL\MySQL Server 5.0\bin\mysqld-nt: ready for connections.
Version: '5.0.45-community-nt'  socket: ''  port: 3306  MySQL Community Edition (GPL)
190605  8:11:27 [Note] C:\Program Files (x86)\MySQL\MySQL Server 5.0\bin\mysqld-nt: Normal shutdown

190605  8:11:27  InnoDB: Starting shutdown...
190605  8:11:30  InnoDB: Shutdown completed; log sequence number 0 58640
190605  8:11:30 [Note] C:\Program Files (x86)\MySQL\MySQL Server 5.0\bin\mysqld-nt: Shutdown complete

190605  8:55:20  InnoDB: Started; log sequence number 0 58640
190605  8:55:20 [Note] C:\Program Files (x86)\MySQL\MySQL Server 5.0\bin\mysqld-nt: ready for connections.
Version: '5.0.45-community-nt'  socket: ''  port: 3306  MySQL Community Edition (GPL)
190605 11:12:43  InnoDB: Started; log sequence number 0 58640
190605 11:12:43 [Note] C:\Program Files (x86)\MySQL\MySQL Server 5.0\bin\mysqld-nt: ready for connections.
Version: '5.0.45-community-nt'  socket: ''  port: 3306  MySQL Community Edition (GPL)
190605 11:17:57 [Note] C:\Program Files (x86)\MySQL\MySQL Server 5.0\bin\mysqld-nt: Normal shutdown

190605 11:17:57  InnoDB: Starting shutdown...
190605 11:17:59  InnoDB: Shutdown completed; log sequence number 0 58640
190605 11:17:59 [Note] C:\Program Files (x86)\MySQL\MySQL Server 5.0\bin\mysqld-nt: Shutdown complete

190605 12:58:46  InnoDB: Started; log sequence number 0 58640
190605 12:58:46 [Note] C:\Program Files (x86)\MySQL\MySQL Server 5.0\bin\mysqld-nt: ready for connections.
Version: '5.0.45-community-nt'  socket: ''  port: 3306  MySQL Community Edition (GPL)
190605 17:28:01  InnoDB: Started; log sequence number 0 58640
190605 17:28:01 [Note] C:\Program Files (x86)\MySQL\MySQL Server 5.0\bin\mysqld-nt: ready for connections.
Version: '5.0.45-community-nt'  socket: ''  port: 3306  MySQL Community Edition (GPL)
190605 17:28:59 [Note] C:\Program Files (x86)\MySQL\MySQL Server 5.0\bin\mysqld-nt: Normal shutdown

190605 17:28:59  InnoDB: Starting shutdown...
190605 17:29:02  InnoDB: Shutdown completed; log sequence number 0 58640
190605 17:29:02 [Note] C:\Program Files (x86)\MySQL\MySQL Server 5.0\bin\mysqld-nt: Shutdown complete

190605 17:29:19  InnoDB: Started; log sequence number 0 58640
190605 17:29:19 [Note] C:\Program Files (x86)\MySQL\MySQL Server 5.0\bin\mysqld-nt: ready for connections.
Version: '5.0.45-community-nt'  socket: ''  port: 3306  MySQL Community Edition (GPL)
190605 19:10:22  InnoDB: Started; log sequence number 0 58640
190605 19:10:22 [Note] C:\Program Files (x86)\MySQL\MySQL Server 5.0\bin\mysqld-nt: ready for connections.
Version: '5.0.45-community-nt'  socket: ''  port: 3306  MySQL Community Edition (GPL)
190612 17:31:59 [Note] C:\Program Files (x86)\MySQL\MySQL Server 5.0\bin\mysqld-nt: Normal shutdown

190612 17:31:59  InnoDB: Starting shutdown...
190612 17:31:59  InnoDB: Shutdown completed; log sequence number 0 58650
190612 17:31:59 [Note] C:\Program Files (x86)\MySQL\MySQL Server 5.0\bin\mysqld-nt: Shutdown complete

190612 17:32:24  InnoDB: Started; log sequence number 0 58650
190612 17:32:24 [Note] C:\Program Files (x86)\MySQL\MySQL Server 5.0\bin\mysqld-nt: ready for connections.
Version: '5.0.45-community-nt'  socket: ''  port: 3306  MySQL Community Edition (GPL)
190612 19:42:02  InnoDB: Started; log sequence number 0 58650
190612 19:42:02 [Note] C:\Program Files (x86)\MySQL\MySQL Server 5.0\bin\mysqld-nt: ready for connections.
Version: '5.0.45-community-nt'  socket: ''  port: 3306  MySQL Community Edition (GPL)
190614 14:24:00 [Note] C:\Program Files (x86)\MySQL\MySQL Server 5.0\bin\mysqld-nt: Normal shutdown

190614 14:24:00  InnoDB: Starting shutdown...
190614 14:24:02  InnoDB: Shutdown completed; log sequence number 0 62694
190614 14:24:02 [Note] C:\Program Files (x86)\MySQL\MySQL Server 5.0\bin\mysqld-nt: Shutdown complete

190614 14:24:24  InnoDB: Started; log sequence number 0 62694
190614 14:24:24 [Note] C:\Program Files (x86)\MySQL\MySQL Server 5.0\bin\mysqld-nt: ready for connections.
Version: '5.0.45-community-nt'  socket: ''  port: 3306  MySQL Community Edition (GPL)
190614 20:16:55  InnoDB: Started; log sequence number 0 62694
190614 20:16:55 [Note] C:\Program Files (x86)\MySQL\MySQL Server 5.0\bin\mysqld-nt: ready for connections.
Version: '5.0.45-community-nt'  socket: ''  port: 3306  MySQL Community Edition (GPL)
190615 18:57:00 [Note] C:\Program Files (x86)\MySQL\MySQL Server 5.0\bin\mysqld-nt: Normal shutdown

190615 18:57:00  InnoDB: Starting shutdown...
190615 18:57:03  InnoDB: Shutdown completed; log sequence number 0 62694
190615 18:57:03 [Note] C:\Program Files (x86)\MySQL\MySQL Server 5.0\bin\mysqld-nt: Shutdown complete

190615 18:57:22  InnoDB: Started; log sequence number 0 62694
190615 18:57:22 [Note] C:\Program Files (x86)\MySQL\MySQL Server 5.0\bin\mysqld-nt: ready for connections.
Version: '5.0.45-community-nt'  socket: ''  port: 3306  MySQL Community Edition (GPL)
190616  6:23:43  InnoDB: Started; log sequence number 0 62694
190616  6:23:43 [Note] C:\Program Files (x86)\MySQL\MySQL Server 5.0\bin\mysqld-nt: ready for connections.
Version: '5.0.45-community-nt'  socket: ''  port: 3306  MySQL Community Edition (GPL)
190618 14:33:55 [Note] C:\Program Files (x86)\MySQL\MySQL Server 5.0\bin\mysqld-nt: Normal shutdown

190618 14:33:55  InnoDB: Starting shutdown...
190618 14:33:57  InnoDB: Shutdown completed; log sequence number 0 62694
190618 14:33:57 [Note] C:\Program Files (x86)\MySQL\MySQL Server 5.0\bin\mysqld-nt: Shutdown complete

190618 14:36:53  InnoDB: Started; log sequence number 0 62694
190618 14:36:53 [Note] C:\Program Files (x86)\MySQL\MySQL Server 5.0\bin\mysqld-nt: ready for connections.
Version: '5.0.45-community-nt'  socket: ''  port: 3306  MySQL Community Edition (GPL)
190618 14:43:57 [Note] C:\Program Files (x86)\MySQL\MySQL Server 5.0\bin\mysqld-nt: Normal shutdown

190618 14:43:57  InnoDB: Starting shutdown...
190618 14:43:58  InnoDB: Shutdown completed; log sequence number 0 62694
190618 14:43:58 [Note] C:\Program Files (x86)\MySQL\MySQL Server 5.0\bin\mysqld-nt: Shutdown complete

190618 14:44:19  InnoDB: Started; log sequence number 0 62694
190618 14:44:19 [Note] C:\Program Files (x86)\MySQL\MySQL Server 5.0\bin\mysqld-nt: ready for connections.
Version: '5.0.45-community-nt'  socket: ''  port: 3306  MySQL Community Edition (GPL)
190618 15:11:22  InnoDB: Started; log sequence number 0 62694
190618 15:11:22 [Note] C:\Program Files (x86)\MySQL\MySQL Server 5.0\bin\mysqld-nt: ready for connections.
Version: '5.0.45-community-nt'  socket: ''  port: 3306  MySQL Community Edition (GPL)
190618 15:17:25 [Note] C:\Program Files (x86)\MySQL\MySQL Server 5.0\bin\mysqld-nt: Normal shutdown

190618 15:17:25  InnoDB: Starting shutdown...
190618 15:17:27  InnoDB: Shutdown completed; log sequence number 0 62694
190618 15:17:27 [Note] C:\Program Files (x86)\MySQL\MySQL Server 5.0\bin\mysqld-nt: Shutdown complete

190618 15:17:50  InnoDB: Started; log sequence number 0 62694
190618 15:17:50 [Note] C:\Program Files (x86)\MySQL\MySQL Server 5.0\bin\mysqld-nt: ready for connections.
Version: '5.0.45-community-nt'  socket: ''  port: 3306  MySQL Community Edition (GPL)
190619  5:59:43  InnoDB: Started; log sequence number 0 62694
190619  5:59:43 [Note] C:\Program Files (x86)\MySQL\MySQL Server 5.0\bin\mysqld-nt: ready for connections.
Version: '5.0.45-community-nt'  socket: ''  port: 3306  MySQL Community Edition (GPL)
190621 15:27:14 [Note] C:\Program Files (x86)\MySQL\MySQL Server 5.0\bin\mysqld-nt: Normal shutdown

190621 15:27:14  InnoDB: Starting shutdown...
190621 15:27:15  InnoDB: Shutdown completed; log sequence number 0 62694
190621 15:27:15 [Note] C:\Program Files (x86)\MySQL\MySQL Server 5.0\bin\mysqld-nt: Shutdown complete

190621 15:27:36  InnoDB: Started; log sequence number 0 62694
190621 15:27:36 [Note] C:\Program Files (x86)\MySQL\MySQL Server 5.0\bin\mysqld-nt: ready for connections.
Version: '5.0.45-community-nt'  socket: ''  port: 3306  MySQL Community Edition (GPL)
190621 16:23:53  InnoDB: Started; log sequence number 0 62694
190621 16:23:53 [Note] C:\Program Files (x86)\MySQL\MySQL Server 5.0\bin\mysqld-nt: ready for connections.
Version: '5.0.45-community-nt'  socket: ''  port: 3306  MySQL Community Edition (GPL)
190622  7:37:34 [Note] C:\Program Files (x86)\MySQL\MySQL Server 5.0\bin\mysqld-nt: Normal shutdown

190622  7:37:34  InnoDB: Starting shutdown...
190622  7:37:37  InnoDB: Shutdown completed; log sequence number 0 62694
190622  7:37:37 [Note] C:\Program Files (x86)\MySQL\MySQL Server 5.0\bin\mysqld-nt: Shutdown complete

190622  7:37:57  InnoDB: Started; log sequence number 0 62694
190622  7:37:58 [Note] C:\Program Files (x86)\MySQL\MySQL Server 5.0\bin\mysqld-nt: ready for connections.
Version: '5.0.45-community-nt'  socket: ''  port: 3306  MySQL Community Edition (GPL)
190622 11:31:31  InnoDB: Started; log sequence number 0 62694
190622 11:31:31 [Note] C:\Program Files (x86)\MySQL\MySQL Server 5.0\bin\mysqld-nt: ready for connections.
Version: '5.0.45-community-nt'  socket: ''  port: 3306  MySQL Community Edition (GPL)
190623 13:10:07 [Note] C:\Program Files (x86)\MySQL\MySQL Server 5.0\bin\mysqld-nt: Normal shutdown

190623 13:10:07  InnoDB: Starting shutdown...
190623 13:10:09  InnoDB: Shutdown completed; log sequence number 0 62694
190623 13:10:09 [Note] C:\Program Files (x86)\MySQL\MySQL Server 5.0\bin\mysqld-nt: Shutdown complete

190623 13:10:30  InnoDB: Started; log sequence number 0 62694
190623 13:10:30 [Note] C:\Program Files (x86)\MySQL\MySQL Server 5.0\bin\mysqld-nt: ready for connections.
Version: '5.0.45-community-nt'  socket: ''  port: 3306  MySQL Community Edition (GPL)
190623 14:56:22 [Note] C:\Program Files (x86)\MySQL\MySQL Server 5.0\bin\mysqld-nt: Normal shutdown

190623 14:56:22  InnoDB: Starting shutdown...
190623 14:56:25  InnoDB: Shutdown completed; log sequence number 0 62694
190623 14:56:25 [Note] C:\Program Files (x86)\MySQL\MySQL Server 5.0\bin\mysqld-nt: Shutdown complete

190623 14:56:44  InnoDB: Started; log sequence number 0 62694
190623 14:56:44 [Note] C:\Program Files (x86)\MySQL\MySQL Server 5.0\bin\mysqld-nt: ready for connections.
Version: '5.0.45-community-nt'  socket: ''  port: 3306  MySQL Community Edition (GPL)
190623 17:59:01  InnoDB: Started; log sequence number 0 62694
190623 17:59:01 [Note] C:\Program Files (x86)\MySQL\MySQL Server 5.0\bin\mysqld-nt: ready for connections.
Version: '5.0.45-community-nt'  socket: ''  port: 3306  MySQL Community Edition (GPL)
190624 13:08:10 [Note] C:\Program Files (x86)\MySQL\MySQL Server 5.0\bin\mysqld-nt: Normal shutdown

190624 13:08:10  InnoDB: Starting shutdown...
190624 13:08:12  InnoDB: Shutdown completed; log sequence number 0 62694
190624 13:08:12 [Note] C:\Program Files (x86)\MySQL\MySQL Server 5.0\bin\mysqld-nt: Shutdown complete

190624 13:08:37  InnoDB: Started; log sequence number 0 62694
190624 13:08:37 [Note] C:\Program Files (x86)\MySQL\MySQL Server 5.0\bin\mysqld-nt: ready for connections.
Version: '5.0.45-community-nt'  socket: ''  port: 3306  MySQL Community Edition (GPL)
190624 16:31:30  InnoDB: Started; log sequence number 0 62694
190624 16:31:30 [Note] C:\Program Files (x86)\MySQL\MySQL Server 5.0\bin\mysqld-nt: ready for connections.
Version: '5.0.45-community-nt'  socket: ''  port: 3306  MySQL Community Edition (GPL)
190624 20:34:08 [Note] C:\Program Files (x86)\MySQL\MySQL Server 5.0\bin\mysqld-nt: Normal shutdown

190624 20:34:08  InnoDB: Starting shutdown...
190624 20:34:09  InnoDB: Shutdown completed; log sequence number 0 62694
190624 20:34:09 [Note] C:\Program Files (x86)\MySQL\MySQL Server 5.0\bin\mysqld-nt: Shutdown complete

190624 20:34:31  InnoDB: Started; log sequence number 0 62694
190624 20:34:31 [Note] C:\Program Files (x86)\MySQL\MySQL Server 5.0\bin\mysqld-nt: ready for connections.
Version: '5.0.45-community-nt'  socket: ''  port: 3306  MySQL Community Edition (GPL)
190625  7:21:14  InnoDB: Started; log sequence number 0 62694
190625  7:21:14 [Note] C:\Program Files (x86)\MySQL\MySQL Server 5.0\bin\mysqld-nt: ready for connections.
Version: '5.0.45-community-nt'  socket: ''  port: 3306  MySQL Community Edition (GPL)
190625 11:52:21 [Note] C:\Program Files (x86)\MySQL\MySQL Server 5.0\bin\mysqld-nt: Normal shutdown

190625 11:52:21  InnoDB: Starting shutdown...
190625 11:52:23  InnoDB: Shutdown completed; log sequence number 0 62694
190625 11:52:23 [Note] C:\Program Files (x86)\MySQL\MySQL Server 5.0\bin\mysqld-nt: Shutdown complete

190625 11:52:44  InnoDB: Started; log sequence number 0 62694
190625 11:52:44 [Note] C:\Program Files (x86)\MySQL\MySQL Server 5.0\bin\mysqld-nt: ready for connections.
Version: '5.0.45-community-nt'  socket: ''  port: 3306  MySQL Community Edition (GPL)
190625 13:01:16  InnoDB: Started; log sequence number 0 62694
190625 13:01:16 [Note] C:\Program Files (x86)\MySQL\MySQL Server 5.0\bin\mysqld-nt: ready for connections.
Version: '5.0.45-community-nt'  socket: ''  port: 3306  MySQL Community Edition (GPL)
190625 15:53:43 [Note] C:\Program Files (x86)\MySQL\MySQL Server 5.0\bin\mysqld-nt: Normal shutdown

190625 15:53:43  InnoDB: Starting shutdown...
190625 15:53:45  InnoDB: Shutdown completed; log sequence number 0 62694
190625 15:53:45 [Note] C:\Program Files (x86)\MySQL\MySQL Server 5.0\bin\mysqld-nt: Shutdown complete

190625 15:54:10  InnoDB: Started; log sequence number 0 62694
190625 15:54:10 [Note] C:\Program Files (x86)\MySQL\MySQL Server 5.0\bin\mysqld-nt: ready for connections.
Version: '5.0.45-community-nt'  socket: ''  port: 3306  MySQL Community Edition (GPL)
190625 20:20:18  InnoDB: Started; log sequence number 0 62694
190625 20:20:18 [Note] C:\Program Files (x86)\MySQL\MySQL Server 5.0\bin\mysqld-nt: ready for connections.
Version: '5.0.45-community-nt'  socket: ''  port: 3306  MySQL Community Edition (GPL)
190626 11:40:46 [Note] C:\Program Files (x86)\MySQL\MySQL Server 5.0\bin\mysqld-nt: Normal shutdown

190626 11:40:46  InnoDB: Starting shutdown...
190626 11:40:49  InnoDB: Shutdown completed; log sequence number 0 62694
190626 11:40:49 [Note] C:\Program Files (x86)\MySQL\MySQL Server 5.0\bin\mysqld-nt: Shutdown complete

190626 11:41:08  InnoDB: Started; log sequence number 0 62694
190626 11:41:08 [Note] C:\Program Files (x86)\MySQL\MySQL Server 5.0\bin\mysqld-nt: ready for connections.
Version: '5.0.45-community-nt'  socket: ''  port: 3306  MySQL Community Edition (GPL)
190626 13:47:38  InnoDB: Started; log sequence number 0 62694
190626 13:47:38 [Note] C:\Program Files (x86)\MySQL\MySQL Server 5.0\bin\mysqld-nt: ready for connections.
Version: '5.0.45-community-nt'  socket: ''  port: 3306  MySQL Community Edition (GPL)
190626 14:51:31 [Note] C:\Program Files (x86)\MySQL\MySQL Server 5.0\bin\mysqld-nt: Normal shutdown

190626 14:51:31  InnoDB: Starting shutdown...
190626 14:51:33  InnoDB: Shutdown completed; log sequence number 0 62694
190626 14:51:33 [Note] C:\Program Files (x86)\MySQL\MySQL Server 5.0\bin\mysqld-nt: Shutdown complete

190626 14:51:54  InnoDB: Started; log sequence number 0 62694
190626 14:51:54 [Note] C:\Program Files (x86)\MySQL\MySQL Server 5.0\bin\mysqld-nt: ready for connections.
Version: '5.0.45-community-nt'  socket: ''  port: 3306  MySQL Community Edition (GPL)
190626 15:19:31  InnoDB: Started; log sequence number 0 62694
190626 15:19:31 [Note] C:\Program Files (x86)\MySQL\MySQL Server 5.0\bin\mysqld-nt: ready for connections.
Version: '5.0.45-community-nt'  socket: ''  port: 3306  MySQL Community Edition (GPL)
190626 15:51:13 [Note] C:\Program Files (x86)\MySQL\MySQL Server 5.0\bin\mysqld-nt: Normal shutdown

190626 15:51:13  InnoDB: Starting shutdown...
190626 15:51:14  InnoDB: Shutdown completed; log sequence number 0 62694
190626 15:51:14 [Note] C:\Program Files (x86)\MySQL\MySQL Server 5.0\bin\mysqld-nt: Shutdown complete

190626 15:51:37  InnoDB: Started; log sequence number 0 62694
190626 15:51:37 [Note] C:\Program Files (x86)\MySQL\MySQL Server 5.0\bin\mysqld-nt: ready for connections.
Version: '5.0.45-community-nt'  socket: ''  port: 3306  MySQL Community Edition (GPL)
190626 16:10:11  InnoDB: Started; log sequence number 0 62694
190626 16:10:11 [Note] C:\Program Files (x86)\MySQL\MySQL Server 5.0\bin\mysqld-nt: ready for connections.
Version: '5.0.45-community-nt'  socket: ''  port: 3306  MySQL Community Edition (GPL)
190627 15:13:38 [Note] C:\Program Files (x86)\MySQL\MySQL Server 5.0\bin\mysqld-nt: Normal shutdown

190627 15:13:38  InnoDB: Starting shutdown...
190627 15:13:40  InnoDB: Shutdown completed; log sequence number 0 62694
190627 15:13:40 [Note] C:\Program Files (x86)\MySQL\MySQL Server 5.0\bin\mysqld-nt: Shutdown complete

190627 15:14:02  InnoDB: Started; log sequence number 0 62694
190627 15:14:02 [Note] C:\Program Files (x86)\MySQL\MySQL Server 5.0\bin\mysqld-nt: ready for connections.
Version: '5.0.45-community-nt'  socket: ''  port: 3306  MySQL Community Edition (GPL)
190627 15:19:04 [Note] C:\Program Files (x86)\MySQL\MySQL Server 5.0\bin\mysqld-nt: Normal shutdown

190627 15:19:04  InnoDB: Starting shutdown...
190627 15:19:06  InnoDB: Shutdown completed; log sequence number 0 62694
190627 15:19:06 [Note] C:\Program Files (x86)\MySQL\MySQL Server 5.0\bin\mysqld-nt: Shutdown complete

190627 15:19:26  InnoDB: Started; log sequence number 0 62694
190627 15:19:26 [Note] C:\Program Files (x86)\MySQL\MySQL Server 5.0\bin\mysqld-nt: ready for connections.
Version: '5.0.45-community-nt'  socket: ''  port: 3306  MySQL Community Edition (GPL)
190627 16:32:35  InnoDB: Started; log sequence number 0 62694
190627 16:32:35 [Note] C:\Program Files (x86)\MySQL\MySQL Server 5.0\bin\mysqld-nt: ready for connections.
Version: '5.0.45-community-nt'  socket: ''  port: 3306  MySQL Community Edition (GPL)
190627 18:03:23 [Note] C:\Program Files (x86)\MySQL\MySQL Server 5.0\bin\mysqld-nt: Normal shutdown

190627 18:03:23  InnoDB: Starting shutdown...
190627 18:03:24  InnoDB: Shutdown completed; log sequence number 0 62694
190627 18:03:24 [Note] C:\Program Files (x86)\MySQL\MySQL Server 5.0\bin\mysqld-nt: Shutdown complete

190627 18:03:46  InnoDB: Started; log sequence number 0 62694
190627 18:03:46 [Note] C:\Program Files (x86)\MySQL\MySQL Server 5.0\bin\mysqld-nt: ready for connections.
Version: '5.0.45-community-nt'  socket: ''  port: 3306  MySQL Community Edition (GPL)
190627 18:56:36  InnoDB: Started; log sequence number 0 62694
190627 18:56:36 [Note] C:\Program Files (x86)\MySQL\MySQL Server 5.0\bin\mysqld-nt: ready for connections.
Version: '5.0.45-community-nt'  socket: ''  port: 3306  MySQL Community Edition (GPL)
190628 12:26:49 [Note] C:\Program Files (x86)\MySQL\MySQL Server 5.0\bin\mysqld-nt: Normal shutdown

190628 12:26:49  InnoDB: Starting shutdown...
190628 12:26:51  InnoDB: Shutdown completed; log sequence number 0 62694
190628 12:26:51 [Note] C:\Program Files (x86)\MySQL\MySQL Server 5.0\bin\mysqld-nt: Shutdown complete

190628 12:27:13  InnoDB: Started; log sequence number 0 62694
190628 12:27:13 [Note] C:\Program Files (x86)\MySQL\MySQL Server 5.0\bin\mysqld-nt: ready for connections.
Version: '5.0.45-community-nt'  socket: ''  port: 3306  MySQL Community Edition (GPL)
190628 12:29:07  InnoDB: Started; log sequence number 0 62694
190628 12:29:07 [Note] C:\Program Files (x86)\MySQL\MySQL Server 5.0\bin\mysqld-nt: ready for connections.
Version: '5.0.45-community-nt'  socket: ''  port: 3306  MySQL Community Edition (GPL)
190628 20:43:32 [Note] C:\Program Files (x86)\MySQL\MySQL Server 5.0\bin\mysqld-nt: Normal shutdown

190628 20:43:32  InnoDB: Starting shutdown...
190628 20:43:34  InnoDB: Shutdown completed; log sequence number 0 62694
190628 20:43:34 [Note] C:\Program Files (x86)\MySQL\MySQL Server 5.0\bin\mysqld-nt: Shutdown complete

190628 20:43:54  InnoDB: Started; log sequence number 0 62694
190628 20:43:54 [Note] C:\Program Files (x86)\MySQL\MySQL Server 5.0\bin\mysqld-nt: ready for connections.
Version: '5.0.45-community-nt'  socket: ''  port: 3306  MySQL Community Edition (GPL)
190628 21:45:27  InnoDB: Started; log sequence number 0 62694
190628 21:45:27 [Note] C:\Program Files (x86)\MySQL\MySQL Server 5.0\bin\mysqld-nt: ready for connections.
Version: '5.0.45-community-nt'  socket: ''  port: 3306  MySQL Community Edition (GPL)
190629 10:11:46 [Note] C:\Program Files (x86)\MySQL\MySQL Server 5.0\bin\mysqld-nt: Normal shutdown

190629 10:11:46  InnoDB: Starting shutdown...
190629 10:11:47  InnoDB: Shutdown completed; log sequence number 0 62694
190629 10:11:47 [Note] C:\Program Files (x86)\MySQL\MySQL Server 5.0\bin\mysqld-nt: Shutdown complete

190629 10:12:11  InnoDB: Started; log sequence number 0 62694
190629 10:12:12 [Note] C:\Program Files (x86)\MySQL\MySQL Server 5.0\bin\mysqld-nt: ready for connections.
Version: '5.0.45-community-nt'  socket: ''  port: 3306  MySQL Community Edition (GPL)
190629 10:25:10 [Note] C:\Program Files (x86)\MySQL\MySQL Server 5.0\bin\mysqld-nt: Normal shutdown

190629 10:25:10  InnoDB: Starting shutdown...
190629 10:25:12  InnoDB: Shutdown completed; log sequence number 0 62694
190629 10:25:12 [Note] C:\Program Files (x86)\MySQL\MySQL Server 5.0\bin\mysqld-nt: Shutdown complete

190629 10:25:33  InnoDB: Started; log sequence number 0 62694
190629 10:25:33 [Note] C:\Program Files (x86)\MySQL\MySQL Server 5.0\bin\mysqld-nt: ready for connections.
Version: '5.0.45-community-nt'  socket: ''  port: 3306  MySQL Community Edition (GPL)
190629 11:30:44  InnoDB: Started; log sequence number 0 62694
190629 11:30:44 [Note] C:\Program Files (x86)\MySQL\MySQL Server 5.0\bin\mysqld-nt: ready for connections.
Version: '5.0.45-community-nt'  socket: ''  port: 3306  MySQL Community Edition (GPL)
190630 18:14:15 [Note] C:\Program Files (x86)\MySQL\MySQL Server 5.0\bin\mysqld-nt: Normal shutdown

190630 18:14:15  InnoDB: Starting shutdown...
190630 18:14:18  InnoDB: Shutdown completed; log sequence number 0 62694
190630 18:14:18 [Note] C:\Program Files (x86)\MySQL\MySQL Server 5.0\bin\mysqld-nt: Shutdown complete

190630 18:14:37  InnoDB: Started; log sequence number 0 62694
190630 18:14:37 [Note] C:\Program Files (x86)\MySQL\MySQL Server 5.0\bin\mysqld-nt: ready for connections.
Version: '5.0.45-community-nt'  socket: ''  port: 3306  MySQL Community Edition (GPL)
190630 18:16:47 [Note] C:\Program Files (x86)\MySQL\MySQL Server 5.0\bin\mysqld-nt: Normal shutdown

190630 18:16:47  InnoDB: Starting shutdown...
190630 18:16:49  InnoDB: Shutdown completed; log sequence number 0 62694
190630 18:16:49 [Note] C:\Program Files (x86)\MySQL\MySQL Server 5.0\bin\mysqld-nt: Shutdown complete

190630 18:17:11  InnoDB: Started; log sequence number 0 62694
190630 18:17:11 [Note] C:\Program Files (x86)\MySQL\MySQL Server 5.0\bin\mysqld-nt: ready for connections.
Version: '5.0.45-community-nt'  socket: ''  port: 3306  MySQL Community Edition (GPL)
190630 20:52:12  InnoDB: Started; log sequence number 0 62694
190630 20:52:12 [Note] C:\Program Files (x86)\MySQL\MySQL Server 5.0\bin\mysqld-nt: ready for connections.
Version: '5.0.45-community-nt'  socket: ''  port: 3306  MySQL Community Edition (GPL)
190701 21:35:44  InnoDB: Started; log sequence number 0 62694
190701 21:35:44 [Note] C:\Program Files (x86)\MySQL\MySQL Server 5.0\bin\mysqld-nt: ready for connections.
Version: '5.0.45-community-nt'  socket: ''  port: 3306  MySQL Community Edition (GPL)
190703 15:47:54 [Note] C:\Program Files (x86)\MySQL\MySQL Server 5.0\bin\mysqld-nt: Normal shutdown

190703 15:47:55  InnoDB: Starting shutdown...
190703 15:47:56  InnoDB: Shutdown completed; log sequence number 0 62694
190703 15:47:56 [Note] C:\Program Files (x86)\MySQL\MySQL Server 5.0\bin\mysqld-nt: Shutdown complete

190703 15:48:21  InnoDB: Started; log sequence number 0 62694
190703 15:48:21 [Note] C:\Program Files (x86)\MySQL\MySQL Server 5.0\bin\mysqld-nt: ready for connections.
Version: '5.0.45-community-nt'  socket: ''  port: 3306  MySQL Community Edition (GPL)
190703 16:34:25 [Note] C:\Program Files (x86)\MySQL\MySQL Server 5.0\bin\mysqld-nt: Normal shutdown

190703 16:34:25  InnoDB: Starting shutdown...
190703 16:34:26  InnoDB: Shutdown completed; log sequence number 0 62694
190703 16:34:26 [Note] C:\Program Files (x86)\MySQL\MySQL Server 5.0\bin\mysqld-nt: Shutdown complete

190703 16:34:47  InnoDB: Started; log sequence number 0 62694
190703 16:34:47 [Note] C:\Program Files (x86)\MySQL\MySQL Server 5.0\bin\mysqld-nt: ready for connections.
Version: '5.0.45-community-nt'  socket: ''  port: 3306  MySQL Community Edition (GPL)
190703 18:10:17  InnoDB: Started; log sequence number 0 62694
190703 18:10:17 [Note] C:\Program Files (x86)\MySQL\MySQL Server 5.0\bin\mysqld-nt: ready for connections.
Version: '5.0.45-community-nt'  socket: ''  port: 3306  MySQL Community Edition (GPL)
190705 12:31:40 [Note] C:\Program Files (x86)\MySQL\MySQL Server 5.0\bin\mysqld-nt: Normal shutdown

190705 12:31:40  InnoDB: Starting shutdown...
190705 12:31:43  InnoDB: Shutdown completed; log sequence number 0 62694
190705 12:31:43 [Note] C:\Program Files (x86)\MySQL\MySQL Server 5.0\bin\mysqld-nt: Shutdown complete

190705 12:32:05  InnoDB: Started; log sequence number 0 62694
190705 12:32:05 [Note] C:\Program Files (x86)\MySQL\MySQL Server 5.0\bin\mysqld-nt: ready for connections.
Version: '5.0.45-community-nt'  socket: ''  port: 3306  MySQL Community Edition (GPL)
190705 17:34:14  InnoDB: Started; log sequence number 0 62694
190705 17:34:14 [Note] C:\Program Files (x86)\MySQL\MySQL Server 5.0\bin\mysqld-nt: ready for connections.
Version: '5.0.45-community-nt'  socket: ''  port: 3306  MySQL Community Edition (GPL)
190707 12:15:49 [Note] C:\Program Files (x86)\MySQL\MySQL Server 5.0\bin\mysqld-nt: Normal shutdown

190707 12:15:49  InnoDB: Starting shutdown...
190707 12:15:50  InnoDB: Shutdown completed; log sequence number 0 62694
190707 12:15:50 [Note] C:\Program Files (x86)\MySQL\MySQL Server 5.0\bin\mysqld-nt: Shutdown complete

190707 12:16:15  InnoDB: Started; log sequence number 0 62694
190707 12:16:15 [Note] C:\Program Files (x86)\MySQL\MySQL Server 5.0\bin\mysqld-nt: ready for connections.
Version: '5.0.45-community-nt'  socket: ''  port: 3306  MySQL Community Edition (GPL)
190707 19:15:01  InnoDB: Started; log sequence number 0 62694
190707 19:15:01 [Note] C:\Program Files (x86)\MySQL\MySQL Server 5.0\bin\mysqld-nt: ready for connections.
Version: '5.0.45-community-nt'  socket: ''  port: 3306  MySQL Community Edition (GPL)
190708 14:02:59 [Note] C:\Program Files (x86)\MySQL\MySQL Server 5.0\bin\mysqld-nt: Normal shutdown

190708 14:02:59  InnoDB: Starting shutdown...
190708 14:03:00  InnoDB: Shutdown completed; log sequence number 0 62694
190708 14:03:00 [Note] C:\Program Files (x86)\MySQL\MySQL Server 5.0\bin\mysqld-nt: Shutdown complete

190708 14:03:24  InnoDB: Started; log sequence number 0 62694
190708 14:03:24 [Note] C:\Program Files (x86)\MySQL\MySQL Server 5.0\bin\mysqld-nt: ready for connections.
Version: '5.0.45-community-nt'  socket: ''  port: 3306  MySQL Community Edition (GPL)
190708 14:15:21 [Note] C:\Program Files (x86)\MySQL\MySQL Server 5.0\bin\mysqld-nt: Normal shutdown

190708 14:15:21  InnoDB: Starting shutdown...
190708 14:15:22  InnoDB: Shutdown completed; log sequence number 0 62694
190708 14:15:22 [Note] C:\Program Files (x86)\MySQL\MySQL Server 5.0\bin\mysqld-nt: Shutdown complete

190708 14:15:43  InnoDB: Started; log sequence number 0 62694
190708 14:15:43 [Note] C:\Program Files (x86)\MySQL\MySQL Server 5.0\bin\mysqld-nt: ready for connections.
Version: '5.0.45-community-nt'  socket: ''  port: 3306  MySQL Community Edition (GPL)
190708 18:26:24  InnoDB: Started; log sequence number 0 62694
190708 18:26:24 [Note] C:\Program Files (x86)\MySQL\MySQL Server 5.0\bin\mysqld-nt: ready for connections.
Version: '5.0.45-community-nt'  socket: ''  port: 3306  MySQL Community Edition (GPL)
190708 20:51:24  InnoDB: Started; log sequence number 0 62694
190708 20:51:24 [Note] C:\Program Files (x86)\MySQL\MySQL Server 5.0\bin\mysqld-nt: ready for connections.
Version: '5.0.45-community-nt'  socket: ''  port: 3306  MySQL Community Edition (GPL)
190710 16:33:40 [Note] C:\Program Files (x86)\MySQL\MySQL Server 5.0\bin\mysqld-nt: Normal shutdown

190710 16:33:40  InnoDB: Starting shutdown...
190710 16:33:43  InnoDB: Shutdown completed; log sequence number 0 62694
190710 16:33:43 [Note] C:\Program Files (x86)\MySQL\MySQL Server 5.0\bin\mysqld-nt: Shutdown complete

190710 16:34:06  InnoDB: Started; log sequence number 0 62694
190710 16:34:06 [Note] C:\Program Files (x86)\MySQL\MySQL Server 5.0\bin\mysqld-nt: ready for connections.
Version: '5.0.45-community-nt'  socket: ''  port: 3306  MySQL Community Edition (GPL)
190710 16:35:38 [Note] C:\Program Files (x86)\MySQL\MySQL Server 5.0\bin\mysqld-nt: Normal shutdown

190710 16:35:38  InnoDB: Starting shutdown...
190710 16:35:40  InnoDB: Shutdown completed; log sequence number 0 62694
190710 16:35:40 [Note] C:\Program Files (x86)\MySQL\MySQL Server 5.0\bin\mysqld-nt: Shutdown complete

190710 16:35:59  InnoDB: Started; log sequence number 0 62694
190710 16:35:59 [Note] C:\Program Files (x86)\MySQL\MySQL Server 5.0\bin\mysqld-nt: ready for connections.
Version: '5.0.45-community-nt'  socket: ''  port: 3306  MySQL Community Edition (GPL)
190710 18:10:53 [Note] C:\Program Files (x86)\MySQL\MySQL Server 5.0\bin\mysqld-nt: Normal shutdown

190710 18:10:53  InnoDB: Starting shutdown...
190710 18:10:55  InnoDB: Shutdown completed; log sequence number 0 62694
190710 18:10:55 [Note] C:\Program Files (x86)\MySQL\MySQL Server 5.0\bin\mysqld-nt: Shutdown complete

190710 18:11:17  InnoDB: Started; log sequence number 0 62694
190710 18:11:17 [Note] C:\Program Files (x86)\MySQL\MySQL Server 5.0\bin\mysqld-nt: ready for connections.
Version: '5.0.45-community-nt'  socket: ''  port: 3306  MySQL Community Edition (GPL)
190710 18:32:29  InnoDB: Started; log sequence number 0 62694
190710 18:32:29 [Note] C:\Program Files (x86)\MySQL\MySQL Server 5.0\bin\mysqld-nt: ready for connections.
Version: '5.0.45-community-nt'  socket: ''  port: 3306  MySQL Community Edition (GPL)
190711 20:46:34  InnoDB: Started; log sequence number 0 62694
190711 20:46:34 [Note] C:\Program Files (x86)\MySQL\MySQL Server 5.0\bin\mysqld-nt: ready for connections.
Version: '5.0.45-community-nt'  socket: ''  port: 3306  MySQL Community Edition (GPL)
190713 18:51:25 [Note] C:\Program Files (x86)\MySQL\MySQL Server 5.0\bin\mysqld-nt: Normal shutdown

190713 18:51:25  InnoDB: Starting shutdown...
190713 18:51:27  InnoDB: Shutdown completed; log sequence number 0 62694
190713 18:51:27 [Note] C:\Program Files (x86)\MySQL\MySQL Server 5.0\bin\mysqld-nt: Shutdown complete

190713 18:51:48  InnoDB: Started; log sequence number 0 62694
190713 18:51:49 [Note] C:\Program Files (x86)\MySQL\MySQL Server 5.0\bin\mysqld-nt: ready for connections.
Version: '5.0.45-community-nt'  socket: ''  port: 3306  MySQL Community Edition (GPL)
190713 20:39:36  InnoDB: Started; log sequence number 0 62694
190713 20:39:36 [Note] C:\Program Files (x86)\MySQL\MySQL Server 5.0\bin\mysqld-nt: ready for connections.
Version: '5.0.45-community-nt'  socket: ''  port: 3306  MySQL Community Edition (GPL)
190714 10:10:49 [Note] C:\Program Files (x86)\MySQL\MySQL Server 5.0\bin\mysqld-nt: Normal shutdown

190714 10:10:49  InnoDB: Starting shutdown...
190714 10:10:52  InnoDB: Shutdown completed; log sequence number 0 62694
190714 10:10:52 [Note] C:\Program Files (x86)\MySQL\MySQL Server 5.0\bin\mysqld-nt: Shutdown complete

190714 10:11:12  InnoDB: Started; log sequence number 0 62694
190714 10:11:13 [Note] C:\Program Files (x86)\MySQL\MySQL Server 5.0\bin\mysqld-nt: ready for connections.
Version: '5.0.45-community-nt'  socket: ''  port: 3306  MySQL Community Edition (GPL)
190714 11:33:42  InnoDB: Started; log sequence number 0 62694
190714 11:33:42 [Note] C:\Program Files (x86)\MySQL\MySQL Server 5.0\bin\mysqld-nt: ready for connections.
Version: '5.0.45-community-nt'  socket: ''  port: 3306  MySQL Community Edition (GPL)
190714 20:51:23 [Note] C:\Program Files (x86)\MySQL\MySQL Server 5.0\bin\mysqld-nt: Normal shutdown

190714 20:51:23  InnoDB: Starting shutdown...
190714 20:51:24  InnoDB: Shutdown completed; log sequence number 0 62694
190714 20:51:24 [Note] C:\Program Files (x86)\MySQL\MySQL Server 5.0\bin\mysqld-nt: Shutdown complete

190714 20:51:47  InnoDB: Started; log sequence number 0 62694
190714 20:51:47 [Note] C:\Program Files (x86)\MySQL\MySQL Server 5.0\bin\mysqld-nt: ready for connections.
Version: '5.0.45-community-nt'  socket: ''  port: 3306  MySQL Community Edition (GPL)
190714 20:52:50 [Note] C:\Program Files (x86)\MySQL\MySQL Server 5.0\bin\mysqld-nt: Normal shutdown

190714 20:52:50  InnoDB: Starting shutdown...
190714 20:52:53  InnoDB: Shutdown completed; log sequence number 0 62694
190714 20:52:53 [Note] C:\Program Files (x86)\MySQL\MySQL Server 5.0\bin\mysqld-nt: Shutdown complete

190714 20:53:13  InnoDB: Started; log sequence number 0 62694
190714 20:53:13 [Note] C:\Program Files (x86)\MySQL\MySQL Server 5.0\bin\mysqld-nt: ready for connections.
Version: '5.0.45-community-nt'  socket: ''  port: 3306  MySQL Community Edition (GPL)
190715  5:33:15  InnoDB: Started; log sequence number 0 62694
190715  5:33:15 [Note] C:\Program Files (x86)\MySQL\MySQL Server 5.0\bin\mysqld-nt: ready for connections.
Version: '5.0.45-community-nt'  socket: ''  port: 3306  MySQL Community Edition (GPL)
190715 17:33:28 [Note] C:\Program Files (x86)\MySQL\MySQL Server 5.0\bin\mysqld-nt: Normal shutdown

190715 17:33:28  InnoDB: Starting shutdown...
190715 17:33:29  InnoDB: Shutdown completed; log sequence number 0 62694
190715 17:33:29 [Note] C:\Program Files (x86)\MySQL\MySQL Server 5.0\bin\mysqld-nt: Shutdown complete

190715 17:33:51  InnoDB: Started; log sequence number 0 62694
190715 17:33:51 [Note] C:\Program Files (x86)\MySQL\MySQL Server 5.0\bin\mysqld-nt: ready for connections.
Version: '5.0.45-community-nt'  socket: ''  port: 3306  MySQL Community Edition (GPL)
190716  5:21:01  InnoDB: Started; log sequence number 0 62694
190716  5:21:01 [Note] C:\Program Files (x86)\MySQL\MySQL Server 5.0\bin\mysqld-nt: ready for connections.
Version: '5.0.45-community-nt'  socket: ''  port: 3306  MySQL Community Edition (GPL)
